<?xml version="1.0" encoding="UTF-8"?>
<!-- Generated by org.testng.reporters.JUnitReportReporter -->
<testsuite hostname="LMRDHQSQATPRD01" failures="0" tests="1" name="com.lmg_dubai.PLM.Concept_BS.TS02_TechSpecFlow" time="164.594" errors="0" timestamp="2023-11-16T11:14:26 GST" skipped="0">
  <testcase classname="com.lmg_dubai.PLM.Concept_BS.TS02_TechSpecFlow" name="ts02" time="164.594"/>
  <system-out/>
</testsuite> <!-- com.lmg_dubai.PLM.Concept_BS.TS02_TechSpecFlow -->
