<?xml version="1.0" encoding="UTF-8"?>
<!-- Generated by org.testng.reporters.JUnitReportReporter -->
<testsuite hostname="LMRDHQSQATPRD01" failures="0" tests="1" name="com.lmg_dubai.PLM.Concept_BS.TS01_AdvanceSearchTechSpec" time="650.875" errors="0" timestamp="2023-11-21T18:37:12 GST" skipped="0">
  <testcase classname="com.lmg_dubai.PLM.Concept_BS.TS01_AdvanceSearchTechSpec" name="ts01" time="650.875"/>
  <system-out/>
</testsuite> <!-- com.lmg_dubai.PLM.Concept_BS.TS01_AdvanceSearchTechSpec -->
