<?xml version="1.0" encoding="UTF-8"?>
<!-- Generated by org.testng.reporters.JUnitReportReporter -->
<testsuite hostname="LMRDHQSQATPRD01" failures="0" tests="1" name="com.lmg_dubai.PLM.BasicValidations.TS01_LoginToPLM" time="14.375" errors="0" timestamp="2023-09-26T14:27:45 GST" skipped="0">
  <testcase classname="com.lmg_dubai.PLM.BasicValidations.TS01_LoginToPLM" name="ts01" time="14.375"/>
  <system-out/>
</testsuite> <!-- com.lmg_dubai.PLM.BasicValidations.TS01_LoginToPLM -->
